<?xml version="1.0" encoding="UTF-8"?>
<!-- Generated by org.testng.reporters.JUnitReportReporter -->
<testsuite hostname="DESKTOP-QJ9U0NJ" failures="0" tests="1" name="pl.edu.agh.kis.pz1.LibraryTest" time="0.040" errors="0" timestamp="2022-12-18T15:28:00 CET" skipped="0">
  <testcase classname="pl.edu.agh.kis.pz1.LibraryTest" name="testLibraryCreation" time="0.040"/>
  <system-out/>
</testsuite> <!-- pl.edu.agh.kis.pz1.LibraryTest -->
