<?xml version="1.0" encoding="UTF-8"?>
<!-- Generated by org.testng.reporters.JUnitReportReporter -->
<testsuite hostname="DESKTOP-QJ9U0NJ" failures="0" tests="1" name="pl.edu.agh.kis.pz1.MainTest" time="0.031" errors="0" timestamp="2022-12-17T21:23:42 CET" skipped="0">
  <testcase classname="pl.edu.agh.kis.pz1.MainTest" name="testMain" time="0.031"/>
  <system-out/>
</testsuite> <!-- pl.edu.agh.kis.pz1.MainTest -->
