<?xml version="1.0" encoding="UTF-8"?>
<!-- Generated by org.testng.reporters.JUnitReportReporter -->
<testsuite hostname="DESKTOP-QJ9U0NJ" failures="0" tests="1" name="pl.edu.agh.kis.pz1.ReaderTest" time="0.000" errors="0" timestamp="2022-12-18T15:28:00 CET" skipped="0">
  <testcase classname="pl.edu.agh.kis.pz1.ReaderTest" name="testReaderCreation" time="0.000"/>
  <system-out/>
</testsuite> <!-- pl.edu.agh.kis.pz1.ReaderTest -->
